<?xml version="1.0" encoding="UTF-8"?>
<coverage generated="1787070578">
  <project timestamp="1787070578">
    <file name="/home/runner/work/is-callable-rule-guardian/is-callable-rule-guardian/src/IsCallableRuleGuardian.php">
      <class name="Aegisora\RuleGuardians\IsCallableRule\IsCallableRuleGuardian" namespace="global">
        <metrics complexity="2" methods="2" coveredmethods="0" conditionals="0" coveredconditionals="0" statements="2" coveredstatements="0" elements="4" coveredelements="0"/>
      </class>
      <line num="15" type="method" name="__construct" visibility="public" complexity="1" crap="2" count="0"/>
      <line num="18" type="stmt" count="0"/>
      <line num="27" type="method" name="check" visibility="public" complexity="1" crap="2" count="0"/>
      <line num="31" type="stmt" count="0"/>
      <metrics loc="34" ncloc="28" classes="1" methods="2" coveredmethods="0" conditionals="0" coveredconditionals="0" statements="2" coveredstatements="0" elements="4" coveredelements="0"/>
    </file>
    <metrics files="1" loc="34" ncloc="28" classes="1" methods="2" coveredmethods="0" conditionals="0" coveredconditionals="0" statements="2" coveredstatements="0" elements="4" coveredelements="0"/>
  </project>
</coverage>
